
> frontend@0.0.0 start
> ng serve

❯ Building...
✔ Building...
Initial chunk files | Names         |  Raw size
main.js             | main          | 137.49 kB |
polyfills.js        | polyfills     |  90.20 kB |
styles.css          | styles        |  77.01 kB |

                    | Initial total | 304.69 kB

Application bundle generation complete. [4.474 seconds]

Watch mode enabled. Watching for file changes...
NOTE: Raw file sizes do not reflect development server per-request transformations.
  ➜  Local:   http://localhost:4200/
❯ Changes detected. Rebuilding...
✔ Changes detected. Rebuilding...
Initial chunk files | Names |  Raw size
main.js             | main  | 137.86 kB |

Application bundle generation complete. [1.490 seconds]

Page reload sent to client(s).
❯ Changes detected. Rebuilding...
✔ Changes detected. Rebuilding...
Initial chunk files | Names |  Raw size
main.js             | main  | 137.62 kB |

Application bundle generation complete. [0.488 seconds]

Page reload sent to client(s).
❯ Changes detected. Rebuilding...
✔ Changes detected. Rebuilding...
Initial chunk files | Names |  Raw size
main.js             | main  | 137.19 kB |

Application bundle generation complete. [0.356 seconds]

Page reload sent to client(s).
❯ Changes detected. Rebuilding...
✔ Changes detected. Rebuilding...

No output file changes.

Application bundle generation complete. [0.195 seconds]

❯ Changes detected. Rebuilding...
✔ Changes detected. Rebuilding...

No output file changes.

Application bundle generation complete. [0.204 seconds]
